<?xml version="1.0" encoding="UTF-8"?>
<!-- Generated by org.testng.reporters.JUnitReportReporter -->
<testsuite skipped="0" hostname="DELL-PC" name="com.automationpract.FirstTest" tests="1" failures="0" timestamp="11 Oct 2017 13:23:03 GMT" time="10.601" errors="0">
  <testcase name="AT_1" time="10.601" classname="com.automationpract.FirstTest"/>
</testsuite> <!-- com.automationpract.FirstTest -->
