<?xml version="1.0" encoding="UTF-8"?>
<!-- Generated by org.testng.reporters.JUnitReportReporter -->
<testsuite skipped="0" hostname="DELL-PC" name="com.automationpractcs.FirstTest" tests="1" failures="0" timestamp="11 Oct 2017 14:23:55 GMT" time="23.431" errors="0">
  <testcase name="AT_1" time="23.431" classname="com.automationpractcs.FirstTest"/>
</testsuite> <!-- com.automationpractcs.FirstTest -->
